[debug] [2023-12-07T06:59:42.804Z] ----------------------------------------------------------------------
[debug] [2023-12-07T06:59:42.805Z] Command:       /usr/local/bin/node /opt/homebrew/bin/firebase init
[debug] [2023-12-07T06:59:42.806Z] CLI Version:   13.0.0
[debug] [2023-12-07T06:59:42.806Z] Platform:      darwin
[debug] [2023-12-07T06:59:42.806Z] Node Version:  v19.8.1
[debug] [2023-12-07T06:59:42.806Z] Time:          Thu Dec 07 2023 14:59:42 GMT+0800 (Hong Kong Standard Time)
[debug] [2023-12-07T06:59:42.806Z] ----------------------------------------------------------------------
[debug] 
[debug] [2023-12-07T06:59:42.836Z] > command requires scopes: ["email","openid","https://www.googleapis.com/auth/cloudplatformprojects.readonly","https://www.googleapis.com/auth/firebase","https://www.googleapis.com/auth/cloud-platform"]
[debug] [2023-12-07T06:59:42.836Z] > authorizing via signed-in user (gupigill12@gmail.com)
[info] 
     ######## #### ########  ######## ########     ###     ######  ########
     ##        ##  ##     ## ##       ##     ##  ##   ##  ##       ##
     ######    ##  ########  ######   ########  #########  ######  ######
     ##        ##  ##    ##  ##       ##     ## ##     ##       ## ##
     ##       #### ##     ## ######## ########  ##     ##  ######  ########

You're about to initialize a Firebase project in this directory:

  /Users/gupigill/Downloads/fifatesting-main

Before we get started, keep in mind:

  * You are initializing within an existing Firebase project directory

[info] 
=== Project Setup
[info] 
[info] First, let's associate this project directory with a Firebase project.
[info] You can create multiple project aliases by running firebase use --add, 
[info] but for now we'll just set up a default project.
[info] 
[debug] [2023-12-07T06:59:50.699Z] Using project from CLI flag: fifazine
[debug] [2023-12-07T06:59:50.701Z] >>> [apiv2][query] GET https://firebase.googleapis.com/v1beta1/projects/fifazine [none]
[debug] [2023-12-07T06:59:51.079Z] <<< [apiv2][status] GET https://firebase.googleapis.com/v1beta1/projects/fifazine 200
[debug] [2023-12-07T06:59:51.080Z] <<< [apiv2][body] GET https://firebase.googleapis.com/v1beta1/projects/fifazine {"projectId":"fifazine","projectNumber":"881915466171","displayName":"fifazine","name":"projects/fifazine","resources":{"hostingSite":"fifazine"},"state":"ACTIVE","etag":"1_fb3652f8-6ff7-4103-b1e7-63a4490cf0f1"}
[info] i  Using project fifazine (fifazine) 
[info] 
=== Hosting Setup
[debug] [2023-12-07T06:59:51.088Z] >>> [apiv2][query] GET https://firebase.googleapis.com/v1beta1/projects/fifazine [none]
[debug] [2023-12-07T06:59:51.337Z] <<< [apiv2][status] GET https://firebase.googleapis.com/v1beta1/projects/fifazine 200
[debug] [2023-12-07T06:59:51.337Z] <<< [apiv2][body] GET https://firebase.googleapis.com/v1beta1/projects/fifazine {"projectId":"fifazine","projectNumber":"881915466171","displayName":"fifazine","name":"projects/fifazine","resources":{"hostingSite":"fifazine"},"state":"ACTIVE","etag":"1_fb3652f8-6ff7-4103-b1e7-63a4490cf0f1"}
[info] 
[info] Your public directory is the folder (relative to your project directory) that
[info] will contain Hosting assets to be uploaded with firebase deploy. If you
[info] have a build process for your assets, use your build's output directory.
[info] 
[info] ✔  Wrote public/404.html 
[debug] [2023-12-07T07:00:05.054Z] >>> [apiv2][query] GET https://www.gstatic.com/firebasejs/releases.json [none]
[debug] [2023-12-07T07:00:05.118Z] <<< [apiv2][status] GET https://www.gstatic.com/firebasejs/releases.json 200
[debug] [2023-12-07T07:00:05.119Z] <<< [apiv2][body] GET https://www.gstatic.com/firebasejs/releases.json {"current":{"version":"10.7.1","browserURL":"https://www.gstatic.com/firebasejs/10.7.1/firebase.js","packageURL":"https://www.gstatic.com/firebasejs/10.7.1/firebase.tgz"},"live":{"version":"10.7","browserURL":"https://www.gstatic.com/firebasejs/live/10.7/firebase.js","packageURL":"https://www.gstatic.com/firebasejs/live/10.7/firebase.tgz"},"components":{"analytics":"https://www.gstatic.com/firebasejs/10.7.1/firebase-analytics.js","app":"https://www.gstatic.com/firebasejs/10.7.1/firebase-app.js","app-check":"https://www.gstatic.com/firebasejs/10.7.1/firebase-app-check.js","auth":"https://www.gstatic.com/firebasejs/10.7.1/firebase-auth.js","auth/cordova":"https://www.gstatic.com/firebasejs/10.7.1/firebase-auth/cordova.js","functions":"https://www.gstatic.com/firebasejs/10.7.1/firebase-functions.js","firestore":"https://www.gstatic.com/firebasejs/10.7.1/firebase-firestore.js","firestore/lite":"https://www.gstatic.com/firebasejs/10.7.1/firebase-firestore/lite.js","installations":"https://www.gstatic.com/firebasejs/10.7.1/firebase-installations.js","storage":"https://www.gstatic.com/firebasejs/10.7.1/firebase-storage.js","performance":"https://www.gstatic.com/firebasejs/10.7.1/firebase-performance.js","remote-config":"https://www.gstatic.com/firebasejs/10.7.1/firebase-remote-config.js","messaging":"https://www.gstatic.com/firebasejs/10.7.1/firebase-messaging.js","messaging/sw":"https://www.gstatic.com/firebasejs/10.7.1/firebase-messaging/sw.js","database":"https://www.gstatic.com/firebasejs/10.7.1/firebase-database.js","firestore.memory":"https://www.gstatic.com/firebasejs/10.7.1/firebase-firestore.memory.js"}}
[info] ✔  Wrote public/index.html 
[info] 
[info] i  Didn't detect a .git folder. Assuming /Users/gupigill/Downloads/fifatesting-main is the project root. 
[info] i  Authorizing with GitHub to upload your service account to a GitHub repository's secrets store. 
[info] 
[info] Visit this URL on this device to log in:
[info] https://github.com/login/oauth/authorize?client_id=89cf50f02ac6aaed3484&state=609764707&redirect_uri=http%3A%2F%2Flocalhost%3A9005&scope=read%3Auser%20repo%20public_repo
[info] 
[info] Waiting for authentication...
[debug] [2023-12-07T07:00:09.343Z] >>> [apiv2][query] POST https://github.com/login/oauth/access_token [none]
[debug] [2023-12-07T07:00:09.343Z] >>> [apiv2][body] POST https://github.com/login/oauth/access_token [stream]
[debug] [2023-12-07T07:00:09.861Z] <<< [apiv2][status] POST https://github.com/login/oauth/access_token 200
[debug] [2023-12-07T07:00:09.862Z] <<< [apiv2][body] POST https://github.com/login/oauth/access_token {"access_token":"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","token_type":"bearer","scope":"read:user,repo"}
[debug] [2023-12-07T07:00:09.868Z] >>> [apiv2][query] GET https://api.github.com/user [none]
[debug] [2023-12-07T07:00:10.342Z] <<< [apiv2][status] GET https://api.github.com/user 200
[debug] [2023-12-07T07:00:10.343Z] <<< [apiv2][body] GET https://api.github.com/user {"login":"gillgupi12","id":149400165,"node_id":"U_kgDOCOeqZQ","avatar_url":"https://avatars.githubusercontent.com/u/149400165?v=4","gravatar_id":"","url":"https://api.github.com/users/gillgupi12","html_url":"https://github.com/gillgupi12","followers_url":"https://api.github.com/users/gillgupi12/followers","following_url":"https://api.github.com/users/gillgupi12/following{/other_user}","gists_url":"https://api.github.com/users/gillgupi12/gists{/gist_id}","starred_url":"https://api.github.com/users/gillgupi12/starred{/owner}{/repo}","subscriptions_url":"https://api.github.com/users/gillgupi12/subscriptions","organizations_url":"https://api.github.com/users/gillgupi12/orgs","repos_url":"https://api.github.com/users/gillgupi12/repos","events_url":"https://api.github.com/users/gillgupi12/events{/privacy}","received_events_url":"https://api.github.com/users/gillgupi12/received_events","type":"User","site_admin":false,"name":null,"company":null,"blog":"","location":null,"email":null,"hireable":null,"bio":null,"twitter_username":null,"public_repos":3,"public_gists":0,"followers":0,"following":0,"created_at":"2023-10-30T14:32:45Z","updated_at":"2023-12-07T05:22:58Z","private_gists":0,"total_private_repos":0,"owned_private_repos":0,"disk_usage":24530,"collaborators":0,"two_factor_authentication":false,"plan":{"name":"free","space":976562499,"collaborators":0,"private_repos":10000}}
[info] 
[info] ✔  Success! Logged into GitHub as gillgupi12 
[info] 
